<?xml version="1.0" encoding="UTF-8"?>
<testsuite xmlns:xsi="http://www.w3.org/2001/XMLSchema-instance" xsi:noNamespaceSchemaLocation="https://maven.apache.org/surefire/maven-surefire-plugin/xsd/surefire-test-report-3.0.xsd" version="3.0" name="com.udacity.catpoint.security.service.SecurityServiceTest" time="1.102" tests="20" errors="0" skipped="0" failures="0">
  <properties>
[...]
</properties>
  <testcase name="changeSensorActivationStatus_ifSystemIsArmed_resetAllSensorsToInactive(ArmingStatus)[1]" classname="com.udacity.catpoint.security.service.SecurityServiceTest" time="0.725"/>
  <testcase name="changeSensorActivationStatus_ifSystemIsArmed_resetAllSensorsToInactive(ArmingStatus)[2]" classname="com.udacity.catpoint.security.service.SecurityServiceTest" time="0.003"/>
  <testcase name="setAlarmStatus_ifSensorActivatedWhileActiveAndSystemPending_changeToAlarmState" classname="com.udacity.catpoint.security.service.SecurityServiceTest" time="0.014"/>
  <testcase name="removeStatusListener" classname="com.udacity.catpoint.security.service.SecurityServiceTest" time="0.002"/>
  <testcase name="removeSensor" classname="com.udacity.catpoint.security.service.SecurityServiceTest" time="0.003"/>
  <testcase name="setAlarm_whenSystemIsArmedAndSensorsDeactivated_setAlarm" classname="com.udacity.catpoint.security.service.SecurityServiceTest" time="0.132"/>
  <testcase name="setAlarmStatus_ifPendingAlarmAndAllSensorsInactive_setNoAlarmState" classname="com.udacity.catpoint.security.service.SecurityServiceTest" time="0.005"/>
  <testcase name="ifSystemIsArmedHomeWhileCameraShowsACat_setAlarmStatusToAlarm" classname="com.udacity.catpoint.security.service.SecurityServiceTest" time="0.005"/>
  <testcase name="setAlarmStatus_ifAlarmIsArmedAndSensorActivated_putSystemIntoPendingAlarm(ArmingStatus)[1]" classname="com.udacity.catpoint.security.service.SecurityServiceTest" time="0.006"/>
  <testcase name="setAlarmStatus_ifAlarmIsArmedAndSensorActivated_putSystemIntoPendingAlarm(ArmingStatus)[2]" classname="com.udacity.catpoint.security.service.SecurityServiceTest" time="0.005"/>
  <testcase name="setAlarmStatus_ifSensorDeactivatedWhileInactive_noChangeToAlarmState(AlarmStatus)[1]" classname="com.udacity.catpoint.security.service.SecurityServiceTest" time="0.003"/>
  <testcase name="setAlarmStatus_ifSensorDeactivatedWhileInactive_noChangeToAlarmState(AlarmStatus)[2]" classname="com.udacity.catpoint.security.service.SecurityServiceTest" time="0.003"/>
  <testcase name="setAlarmStatus_ifSensorDeactivatedWhileInactive_noChangeToAlarmState(AlarmStatus)[3]" classname="com.udacity.catpoint.security.service.SecurityServiceTest" time="0.003"/>
  <testcase name="addSensor" classname="com.udacity.catpoint.security.service.SecurityServiceTest" time="0.002"/>
  <testcase name="addStatusListener" classname="com.udacity.catpoint.security.service.SecurityServiceTest" time="0.003"/>
  <testcase name="setAlarmStatus_ifAlarmArmedAndSensorActivatedAndAlarmPending_setAlarmStatusToAlarm" classname="com.udacity.catpoint.security.service.SecurityServiceTest" time="0.003"/>
  <testcase name="setAlarmStatus_ifSystemIsDisarmed_setStatusToNoAlarm" classname="com.udacity.catpoint.security.service.SecurityServiceTest" time="0.001"/>
  <testcase name="ifAlarmActive_changeInSensorStateShouldNotAffectAlarmState" classname="com.udacity.catpoint.security.service.SecurityServiceTest" time="0.004"/>
  <testcase name="setAlarmStatus_ifImageServiceIdentifiesAnImageContainingACatWhileSystemIsArmedHome_putSystemIntoAlarmStatus" classname="com.udacity.catpoint.security.service.SecurityServiceTest" time="0.004"/>
  <testcase name="setAlarmStatus_ifImageServiceIdentifiesImageNotContainingACat_changeStatusToNoAlarmAsLongAsSensorsAreNotActive" classname="com.udacity.catpoint.security.service.SecurityServiceTest" time="0.003"/>
</testsuite>